<?xml version="1.0" encoding="UTF-8"?>
<!-- Generated by org.testng.reporters.JUnitReportReporter -->
<testsuite hostname="GNB1DEVLAA2" failures="0" tests="2" name="com.automation.pages.DayOne" time="0.023" errors="0" timestamp="2025-09-15T22:53:43 IST" skipped="0">
  <testcase classname="com.automation.pages.DayOne" name="firstTest" time="0.021"/>
  <testcase classname="com.automation.pages.DayOne" name="secondTest" time="0.002"/>
</testsuite> <!-- com.automation.pages.DayOne -->
